<?xml version="1.0" encoding="utf-8" standalone="no"?>
<!--This file represents the results of running a test suite-->
<test-results name="C:\UIWSpace\UIGITRepo\CryptoExamples\CryptoExamples.csproj" total="0" errors="0" failures="0" not-run="0" inconclusive="0" ignored="0" skipped="0" invalid="0" date="2012-10-15" time="14:11:15">
  <environment nunit-version="2.5.7.10213" clr-version="2.0.50727.3634" os-version="Microsoft Windows NT 5.1.2600 Service Pack 3" platform="Win32NT" cwd="C:\UIWSpace\UIGITRepo\CryptoExamples" machine-name="480GTSDXPW0303" user="aw39997" user-domain="NAM" />
  <culture-info current-culture="en-US" current-uiculture="en-US" />
  <test-suite type="Project" name="C:\UIWSpace\UIGITRepo\CryptoExamples\CryptoExamples.csproj" executed="True" result="Inconclusive" success="False" time="0.016" asserts="0">
    <results>
      <test-suite type="Assembly" name="C:\UIWSpace\UIGITRepo\CryptoExamples\bin\Debug\CryptoExamples.exe" executed="False" result="NotRunnable">
        <reason>
          <message><![CDATA[Has no TestFixtures]]></message>
        </reason>
      </test-suite>
    </results>
  </test-suite>
</test-results>